<?xml version="1.0" encoding="UTF-8"?>
<testng-results skipped="0" failed="0" ignored="0" total="2" passed="2">
  <reporter-output>
  </reporter-output>
  <suite name="com.qa.crm.testcase.LoginPageTest" duration-ms="29867" started-at="2018-09-20T09:25:28Z" finished-at="2018-09-20T09:25:57Z">
    <groups>
    </groups>
    <test name="Command line test" duration-ms="29867" started-at="2018-09-20T09:25:28Z" finished-at="2018-09-20T09:25:57Z">
      <class name="com.qa.crm.testcase.LoginPageTest">
        <test-method status="PASS" signature="init()[pri:0, instance:com.qa.crm.testcase.LoginPageTest@51565ec2]" name="init" is-config="true" duration-ms="9888" started-at="2018-09-20T09:25:28Z" finished-at="2018-09-20T09:25:37Z">
          <reporter-output>
          </reporter-output>
        </test-method> <!-- init -->
        <test-method status="PASS" signature="verifylogo()[pri:1, instance:com.qa.crm.testcase.LoginPageTest@51565ec2]" name="verifylogo" duration-ms="60" started-at="2018-09-20T09:25:37Z" finished-at="2018-09-20T09:25:38Z">
          <reporter-output>
          </reporter-output>
        </test-method> <!-- verifylogo -->
        <test-method status="PASS" signature="close()[pri:0, instance:com.qa.crm.testcase.LoginPageTest@51565ec2]" name="close" is-config="true" duration-ms="892" started-at="2018-09-20T09:25:38Z" finished-at="2018-09-20T09:25:38Z">
          <reporter-output>
          </reporter-output>
        </test-method> <!-- close -->
        <test-method status="PASS" signature="init()[pri:0, instance:com.qa.crm.testcase.LoginPageTest@51565ec2]" name="init" is-config="true" duration-ms="8537" started-at="2018-09-20T09:25:38Z" finished-at="2018-09-20T09:25:47Z">
          <reporter-output>
          </reporter-output>
        </test-method> <!-- init -->
        <test-method status="PASS" signature="LoginToHome()[pri:2, instance:com.qa.crm.testcase.LoginPageTest@51565ec2]" name="LoginToHome" duration-ms="9570" started-at="2018-09-20T09:25:47Z" finished-at="2018-09-20T09:25:57Z">
          <reporter-output>
          </reporter-output>
        </test-method> <!-- LoginToHome -->
        <test-method status="PASS" signature="close()[pri:0, instance:com.qa.crm.testcase.LoginPageTest@51565ec2]" name="close" is-config="true" duration-ms="888" started-at="2018-09-20T09:25:57Z" finished-at="2018-09-20T09:25:57Z">
          <reporter-output>
          </reporter-output>
        </test-method> <!-- close -->
      </class> <!-- com.qa.crm.testcase.LoginPageTest -->
    </test> <!-- Command line test -->
  </suite> <!-- com.qa.crm.testcase.LoginPageTest -->
</testng-results>
